Intel(R) Architecture Code Analyzer Version -  v3.0-28-g1ba2cbb build date: 2017-10-30;16:57:45
Analyzed File -  ./a.out
Binary Format - 64Bit
Architecture  -  HSW
Analysis Type - Throughput

Throughput Analysis Report
--------------------------
Block Throughput: 136.00 Cycles       Throughput Bottleneck: FrontEnd
Loop Count:  22
Port Binding In Cycles Per Iteration:
--------------------------------------------------------------------------------------------------
|  Port  |   0   -  DV   |   1   |   2   -  D    |   3   -  D    |   4   |   5   |   6   |   7   |
--------------------------------------------------------------------------------------------------
| Cycles | 125.0     0.0  | 125.0  | 14.3     0.0  | 14.4     0.0  | 43.0  | 125.0  | 125.0  | 14.3  |
--------------------------------------------------------------------------------------------------

DV - Divider pipe (on port 0)
D - Data fetch pipe (on ports 2 and 3)
F - Macro Fusion with the previous instruction occurred
* - instruction micro-ops not bound to a port
^ - Micro Fusion occurred
# - ESP Tracking sync uop was issued
@ - SSE instruction followed an AVX256/AVX512 instruction, dozens of cycles penalty is expected
X - instruction not supported, was not accounted in Analysis

| Num Of   |                    Ports pressure in cycles                         |      |
|  Uops    |  0  - DV    |  1   |  2  -  D    |  3  -  D    |  4   |  5   |  6   |  7   |
-----------------------------------------------------------------------------------------
|   2^     |             |      | 0.3         | 0.4         | 1.0  |      |      | 0.3  | mov qword ptr [rbx], 0x0
|   2^     |             |      | 0.3         | 0.3         | 1.0  |      |      | 0.4  | mov qword ptr [rbx+0x4], 0x1
|   2^     |             |      | 0.4         | 0.3         | 1.0  |      |      | 0.3  | mov qword ptr [rbx+0x8], 0x2
|   2^     |             |      | 0.3         | 0.4         | 1.0  |      |      | 0.3  | mov qword ptr [rbx+0xc], 0x3
|   2^     |             |      | 0.3         | 0.3         | 1.0  |      |      | 0.4  | mov qword ptr [rbx+0x10], 0x4
|   2^     |             |      | 0.4         | 0.3         | 1.0  |      |      | 0.3  | mov qword ptr [rbx+0x14], 0x5
|   2^     |             |      | 0.3         | 0.4         | 1.0  |      |      | 0.3  | mov qword ptr [rbx+0x18], 0x6
|   2^     |             |      | 0.3         | 0.3         | 1.0  |      |      | 0.4  | mov qword ptr [rbx+0x1c], 0x7
|   2^     |             |      | 0.4         | 0.3         | 1.0  |      |      | 0.3  | mov qword ptr [rbx+0x20], 0x8
|   2^     |             |      | 0.3         | 0.4         | 1.0  |      |      | 0.3  | mov qword ptr [rbx+0x24], 0x9
|   2^     |             |      | 0.3         | 0.3         | 1.0  |      |      | 0.4  | mov qword ptr [rbx+0x28], 0xa
|   2^     |             |      | 0.4         | 0.3         | 1.0  |      |      | 0.3  | mov qword ptr [rbx+0x2c], 0xb
|   2^     |             |      | 0.3         | 0.4         | 1.0  |      |      | 0.3  | mov qword ptr [rbx+0x30], 0xc
|   2^     |             |      | 0.3         | 0.3         | 1.0  |      |      | 0.4  | mov qword ptr [rbx+0x34], 0xd
|   2^     |             |      | 0.4         | 0.3         | 1.0  |      |      | 0.3  | mov qword ptr [rbx+0x38], 0xe
|   2^     |             |      | 0.3         | 0.4         | 1.0  |      |      | 0.3  | mov qword ptr [rbx+0x3c], 0xf
|   2^     |             |      | 0.3         | 0.3         | 1.0  |      |      | 0.4  | mov qword ptr [rbx+0x40], 0x10
|   2^     |             |      | 0.4         | 0.3         | 1.0  |      |      | 0.3  | mov qword ptr [rbx+0x44], 0x11
|   2^     |             |      | 0.3         | 0.4         | 1.0  |      |      | 0.3  | mov qword ptr [rbx+0x48], 0x12
|   2^     |             |      | 0.3         | 0.3         | 1.0  |      |      | 0.4  | mov qword ptr [rbx+0x4c], 0x13
|   2^     |             |      | 0.4         | 0.3         | 1.0  |      |      | 0.3  | mov qword ptr [rbx+0x50], 0x14
|   2^     |             |      | 0.3         | 0.4         | 1.0  |      |      | 0.3  | mov qword ptr [rbx+0x54], 0x15
|   2^     |             |      | 0.3         | 0.3         | 1.0  |      |      | 0.4  | mov qword ptr [rbx+0x58], 0x16
|   2^     |             |      | 0.4         | 0.3         | 1.0  |      |      | 0.3  | mov qword ptr [rbx+0x5c], 0x17
|   2^     |             |      | 0.3         | 0.4         | 1.0  |      |      | 0.3  | mov qword ptr [rbx+0x60], 0x18
|   2^     |             |      | 0.3         | 0.3         | 1.0  |      |      | 0.4  | mov qword ptr [rbx+0x64], 0x19
|   2^     |             |      | 0.4         | 0.3         | 1.0  |      |      | 0.3  | mov qword ptr [rbx+0x68], 0x1a
|   2^     |             |      | 0.3         | 0.4         | 1.0  |      |      | 0.3  | mov qword ptr [rbx+0x6c], 0x1b
|   2^     |             |      | 0.3         | 0.3         | 1.0  |      |      | 0.4  | mov qword ptr [rbx+0x70], 0x1c
|   2^     |             |      | 0.4         | 0.3         | 1.0  |      |      | 0.3  | mov qword ptr [rbx+0x74], 0x1d
|   2^     |             |      | 0.3         | 0.4         | 1.0  |      |      | 0.3  | mov qword ptr [rbx+0x78], 0x1e
|   2^     |             |      | 0.3         | 0.3         | 1.0  |      |      | 0.4  | mov qword ptr [rbx+0x7c], 0x1f
|   2^     |             |      | 0.4         | 0.3         | 1.0  |      |      | 0.3  | mov qword ptr [rbx+0x80], 0x20
|   2^     |             |      | 0.3         | 0.4         | 1.0  |      |      | 0.3  | mov qword ptr [rbx+0x84], 0x21
|   2^     |             |      | 0.3         | 0.3         | 1.0  |      |      | 0.4  | mov qword ptr [rbx+0x88], 0x22
|   2^     |             |      | 0.4         | 0.3         | 1.0  |      |      | 0.3  | mov qword ptr [rbx+0x8c], 0x23
|   2^     |             |      | 0.3         | 0.4         | 1.0  |      |      | 0.3  | mov qword ptr [rbx+0x90], 0x24
|   2^     |             |      | 0.3         | 0.3         | 1.0  |      |      | 0.4  | mov qword ptr [rbx+0x94], 0x25
|   2^     |             |      | 0.4         | 0.3         | 1.0  |      |      | 0.3  | mov qword ptr [rbx+0x98], 0x26
|   2^     |             |      | 0.3         | 0.4         | 1.0  |      |      | 0.3  | mov qword ptr [rbx+0x9c], 0x27
|   2^     |             |      | 0.3         | 0.3         | 1.0  |      |      | 0.4  | mov qword ptr [rbx+0xa0], 0x28
|   2^     |             |      | 0.4         | 0.3         | 1.0  |      |      | 0.3  | mov qword ptr [rbx+0xa4], 0x29
|   2^     |             |      | 0.3         | 0.4         | 1.0  |      |      | 0.3  | mov qword ptr [rbx+0xa8], 0x2a
|   1      |             | 1.0  |             |             |      |      |      |      | nop 
|   1      |             |      |             |             |      | 1.0  |      |      | nop 
|   1      |             |      |             |             |      |      | 1.0  |      | nop 
|   1      | 1.0         |      |             |             |      |      |      |      | nop 
|   1      |             | 1.0  |             |             |      |      |      |      | nop 
|   1      |             |      |             |             |      | 1.0  |      |      | nop 
|   1      |             |      |             |             |      |      | 1.0  |      | nop 
|   1      | 1.0         |      |             |             |      |      |      |      | nop 
|   1      |             | 1.0  |             |             |      |      |      |      | nop 
|   1      |             |      |             |             |      | 1.0  |      |      | nop 
|   1      |             |      |             |             |      |      | 1.0  |      | nop 
|   1      | 1.0         |      |             |             |      |      |      |      | nop 
|   1      |             | 1.0  |             |             |      |      |      |      | nop 
|   1      |             |      |             |             |      | 1.0  |      |      | nop 
|   1      |             |      |             |             |      |      | 1.0  |      | nop 
|   1      | 1.0         |      |             |             |      |      |      |      | nop 
|   1      |             | 1.0  |             |             |      |      |      |      | nop 
|   1      |             |      |             |             |      | 1.0  |      |      | nop 
|   1      |             |      |             |             |      |      | 1.0  |      | nop 
|   1      | 1.0         |      |             |             |      |      |      |      | nop 
|   1      |             | 1.0  |             |             |      |      |      |      | nop 
|   1      |             |      |             |             |      | 1.0  |      |      | nop 
|   1      |             |      |             |             |      |      | 1.0  |      | nop 
|   1      | 1.0         |      |             |             |      |      |      |      | nop 
|   1      |             | 1.0  |             |             |      |      |      |      | nop 
|   1      |             |      |             |             |      | 1.0  |      |      | nop 
|   1      |             |      |             |             |      |      | 1.0  |      | nop 
|   1      | 1.0         |      |             |             |      |      |      |      | nop 
|   1      |             | 1.0  |             |             |      |      |      |      | nop 
|   1      |             |      |             |             |      | 1.0  |      |      | nop 
|   1      |             |      |             |             |      |      | 1.0  |      | nop 
|   1      | 1.0         |      |             |             |      |      |      |      | nop 
|   1      |             | 1.0  |             |             |      |      |      |      | nop 
|   1      |             |      |             |             |      | 1.0  |      |      | nop 
|   1      |             |      |             |             |      |      | 1.0  |      | nop 
|   1      | 1.0         |      |             |             |      |      |      |      | nop 
|   1      |             | 1.0  |             |             |      |      |      |      | nop 
|   1      |             |      |             |             |      | 1.0  |      |      | nop 
|   1      |             |      |             |             |      |      | 1.0  |      | nop 
|   1      | 1.0         |      |             |             |      |      |      |      | nop 
|   1      |             | 1.0  |             |             |      |      |      |      | nop 
|   1      |             |      |             |             |      | 1.0  |      |      | nop 
|   1      |             |      |             |             |      |      | 1.0  |      | nop 
|   1      | 1.0         |      |             |             |      |      |      |      | nop 
|   1      |             | 1.0  |             |             |      |      |      |      | nop 
|   1      |             |      |             |             |      | 1.0  |      |      | nop 
|   1      |             |      |             |             |      |      | 1.0  |      | nop 
|   1      | 1.0         |      |             |             |      |      |      |      | nop 
|   1      |             | 1.0  |             |             |      |      |      |      | nop 
|   1      |             |      |             |             |      | 1.0  |      |      | nop 
|   1      |             |      |             |             |      |      | 1.0  |      | nop 
|   1      | 1.0         |      |             |             |      |      |      |      | nop 
|   1      |             | 1.0  |             |             |      |      |      |      | nop 
|   1      |             |      |             |             |      | 1.0  |      |      | nop 
|   1      |             |      |             |             |      |      | 1.0  |      | nop 
|   1      | 1.0         |      |             |             |      |      |      |      | nop 
|   1      |             | 1.0  |             |             |      |      |      |      | nop 
|   1      |             |      |             |             |      | 1.0  |      |      | nop 
|   1      |             |      |             |             |      |      | 1.0  |      | nop 
|   1      | 1.0         |      |             |             |      |      |      |      | nop 
|   1      |             | 1.0  |             |             |      |      |      |      | nop 
|   1      |             |      |             |             |      | 1.0  |      |      | nop 
|   1      |             |      |             |             |      |      | 1.0  |      | nop 
|   1      | 1.0         |      |             |             |      |      |      |      | nop 
|   1      |             | 1.0  |             |             |      |      |      |      | nop 
|   1      |             |      |             |             |      | 1.0  |      |      | nop 
|   1      |             |      |             |             |      |      | 1.0  |      | nop 
|   1      | 1.0         |      |             |             |      |      |      |      | nop 
|   1      |             | 1.0  |             |             |      |      |      |      | nop 
|   1      |             |      |             |             |      | 1.0  |      |      | nop 
|   1      |             |      |             |             |      |      | 1.0  |      | nop 
|   1      | 1.0         |      |             |             |      |      |      |      | nop 
|   1      |             | 1.0  |             |             |      |      |      |      | nop 
|   1      |             |      |             |             |      | 1.0  |      |      | nop 
|   1      |             |      |             |             |      |      | 1.0  |      | nop 
|   1      | 1.0         |      |             |             |      |      |      |      | nop 
|   1      |             | 1.0  |             |             |      |      |      |      | nop 
|   1      |             |      |             |             |      | 1.0  |      |      | nop 
|   1      |             |      |             |             |      |      | 1.0  |      | nop 
|   1      | 1.0         |      |             |             |      |      |      |      | nop 
|   1      |             | 1.0  |             |             |      |      |      |      | nop 
|   1      |             |      |             |             |      | 1.0  |      |      | nop 
|   1      |             |      |             |             |      |      | 1.0  |      | nop 
|   1      | 1.0         |      |             |             |      |      |      |      | nop 
|   1      |             | 1.0  |             |             |      |      |      |      | nop 
|   1      |             |      |             |             |      | 1.0  |      |      | nop 
|   1      |             |      |             |             |      |      | 1.0  |      | nop 
|   1      | 1.0         |      |             |             |      |      |      |      | nop 
|   1      |             | 1.0  |             |             |      |      |      |      | nop 
|   1      |             |      |             |             |      | 1.0  |      |      | nop 
|   1      |             |      |             |             |      |      | 1.0  |      | nop 
|   1      | 1.0         |      |             |             |      |      |      |      | nop 
|   1      |             | 1.0  |             |             |      |      |      |      | nop 
|   1      |             |      |             |             |      | 1.0  |      |      | nop 
|   1      |             |      |             |             |      |      | 1.0  |      | nop 
|   1      | 1.0         |      |             |             |      |      |      |      | nop 
|   1      |             | 1.0  |             |             |      |      |      |      | nop 
|   1      |             |      |             |             |      | 1.0  |      |      | nop 
|   1      |             |      |             |             |      |      | 1.0  |      | nop 
|   1      | 1.0         |      |             |             |      |      |      |      | nop 
|   1      |             | 1.0  |             |             |      |      |      |      | nop 
|   1      |             |      |             |             |      | 1.0  |      |      | nop 
|   1      |             |      |             |             |      |      | 1.0  |      | nop 
|   1      | 1.0         |      |             |             |      |      |      |      | nop 
|   1      |             | 1.0  |             |             |      |      |      |      | nop 
|   1      |             |      |             |             |      | 1.0  |      |      | nop 
|   1      |             |      |             |             |      |      | 1.0  |      | nop 
|   1      | 1.0         |      |             |             |      |      |      |      | nop 
|   1      |             | 1.0  |             |             |      |      |      |      | nop 
|   1      |             |      |             |             |      | 1.0  |      |      | nop 
|   1      |             |      |             |             |      |      | 1.0  |      | nop 
|   1      | 1.0         |      |             |             |      |      |      |      | nop 
|   1      |             | 1.0  |             |             |      |      |      |      | nop 
|   1      |             |      |             |             |      | 1.0  |      |      | nop 
|   1      |             |      |             |             |      |      | 1.0  |      | nop 
|   1      | 1.0         |      |             |             |      |      |      |      | nop 
|   1      |             | 1.0  |             |             |      |      |      |      | nop 
|   1      |             |      |             |             |      | 1.0  |      |      | nop 
|   1      |             |      |             |             |      |      | 1.0  |      | nop 
|   1      | 1.0         |      |             |             |      |      |      |      | nop 
|   1      |             | 1.0  |             |             |      |      |      |      | nop 
|   1      |             |      |             |             |      | 1.0  |      |      | nop 
|   1      |             |      |             |             |      |      | 1.0  |      | nop 
|   1      | 1.0         |      |             |             |      |      |      |      | nop 
|   1      |             | 1.0  |             |             |      |      |      |      | nop 
|   1      |             |      |             |             |      | 1.0  |      |      | nop 
|   1      |             |      |             |             |      |      | 1.0  |      | nop 
|   1      | 1.0         |      |             |             |      |      |      |      | nop 
|   1      |             | 1.0  |             |             |      |      |      |      | nop 
|   1      |             |      |             |             |      | 1.0  |      |      | nop 
|   1      |             |      |             |             |      |      | 1.0  |      | nop 
|   1      | 1.0         |      |             |             |      |      |      |      | nop 
|   1      |             | 1.0  |             |             |      |      |      |      | nop 
|   1      |             |      |             |             |      | 1.0  |      |      | nop 
|   1      |             |      |             |             |      |      | 1.0  |      | nop 
|   1      | 1.0         |      |             |             |      |      |      |      | nop 
|   1      |             | 1.0  |             |             |      |      |      |      | nop 
|   1      |             |      |             |             |      | 1.0  |      |      | nop 
|   1      |             |      |             |             |      |      | 1.0  |      | nop 
|   1      | 1.0         |      |             |             |      |      |      |      | nop 
|   1      |             | 1.0  |             |             |      |      |      |      | nop 
|   1      |             |      |             |             |      | 1.0  |      |      | nop 
|   1      |             |      |             |             |      |      | 1.0  |      | nop 
|   1      | 1.0         |      |             |             |      |      |      |      | nop 
|   1      |             | 1.0  |             |             |      |      |      |      | nop 
|   1      |             |      |             |             |      | 1.0  |      |      | nop 
|   1      |             |      |             |             |      |      | 1.0  |      | nop 
|   1      | 1.0         |      |             |             |      |      |      |      | nop 
|   1      |             | 1.0  |             |             |      |      |      |      | nop 
|   1      |             |      |             |             |      | 1.0  |      |      | nop 
|   1      |             |      |             |             |      |      | 1.0  |      | nop 
|   1      | 1.0         |      |             |             |      |      |      |      | nop 
|   1      |             | 1.0  |             |             |      |      |      |      | nop 
|   1      |             |      |             |             |      | 1.0  |      |      | nop 
|   1      |             |      |             |             |      |      | 1.0  |      | nop 
|   1      | 1.0         |      |             |             |      |      |      |      | nop 
|   1      |             | 1.0  |             |             |      |      |      |      | nop 
|   1      |             |      |             |             |      | 1.0  |      |      | nop 
|   1      |             |      |             |             |      |      | 1.0  |      | nop 
|   1      | 1.0         |      |             |             |      |      |      |      | nop 
|   1      |             | 1.0  |             |             |      |      |      |      | nop 
|   1      |             |      |             |             |      | 1.0  |      |      | nop 
|   1      |             |      |             |             |      |      | 1.0  |      | nop 
|   1      | 1.0         |      |             |             |      |      |      |      | nop 
|   1      |             | 1.0  |             |             |      |      |      |      | nop 
|   1      |             |      |             |             |      | 1.0  |      |      | nop 
|   1      |             |      |             |             |      |      | 1.0  |      | nop 
|   1      | 1.0         |      |             |             |      |      |      |      | nop 
|   1      |             | 1.0  |             |             |      |      |      |      | nop 
|   1      |             |      |             |             |      | 1.0  |      |      | nop 
|   1      |             |      |             |             |      |      | 1.0  |      | nop 
|   1      | 1.0         |      |             |             |      |      |      |      | nop 
|   1      |             | 1.0  |             |             |      |      |      |      | nop 
|   1      |             |      |             |             |      | 1.0  |      |      | nop 
|   1      |             |      |             |             |      |      | 1.0  |      | nop 
|   1      | 1.0         |      |             |             |      |      |      |      | nop 
|   1      |             | 1.0  |             |             |      |      |      |      | nop 
|   1      |             |      |             |             |      | 1.0  |      |      | nop 
|   1      |             |      |             |             |      |      | 1.0  |      | nop 
|   1      | 1.0         |      |             |             |      |      |      |      | nop 
|   1      |             | 1.0  |             |             |      |      |      |      | nop 
|   1      |             |      |             |             |      | 1.0  |      |      | nop 
|   1      |             |      |             |             |      |      | 1.0  |      | nop 
|   1      | 1.0         |      |             |             |      |      |      |      | nop 
|   1      |             | 1.0  |             |             |      |      |      |      | nop 
|   1      |             |      |             |             |      | 1.0  |      |      | nop 
|   1      |             |      |             |             |      |      | 1.0  |      | nop 
|   1      | 1.0         |      |             |             |      |      |      |      | nop 
|   1      |             | 1.0  |             |             |      |      |      |      | nop 
|   1      |             |      |             |             |      | 1.0  |      |      | nop 
|   1      |             |      |             |             |      |      | 1.0  |      | nop 
|   1      | 1.0         |      |             |             |      |      |      |      | nop 
|   1      |             | 1.0  |             |             |      |      |      |      | nop 
|   1      |             |      |             |             |      | 1.0  |      |      | nop 
|   1      |             |      |             |             |      |      | 1.0  |      | nop 
|   1      | 1.0         |      |             |             |      |      |      |      | nop 
|   1      |             | 1.0  |             |             |      |      |      |      | nop 
|   1      |             |      |             |             |      | 1.0  |      |      | nop 
|   1      |             |      |             |             |      |      | 1.0  |      | nop 
|   1      | 1.0         |      |             |             |      |      |      |      | nop 
|   1      |             | 1.0  |             |             |      |      |      |      | nop 
|   1      |             |      |             |             |      | 1.0  |      |      | nop 
|   1      |             |      |             |             |      |      | 1.0  |      | nop 
|   1      | 1.0         |      |             |             |      |      |      |      | nop 
|   1      |             | 1.0  |             |             |      |      |      |      | nop 
|   1      |             |      |             |             |      | 1.0  |      |      | nop 
|   1      |             |      |             |             |      |      | 1.0  |      | nop 
|   1      | 1.0         |      |             |             |      |      |      |      | nop 
|   1      |             | 1.0  |             |             |      |      |      |      | nop 
|   1      |             |      |             |             |      | 1.0  |      |      | nop 
|   1      |             |      |             |             |      |      | 1.0  |      | nop 
|   1      | 1.0         |      |             |             |      |      |      |      | nop 
|   1      |             | 1.0  |             |             |      |      |      |      | nop 
|   1      |             |      |             |             |      | 1.0  |      |      | nop 
|   1      |             |      |             |             |      |      | 1.0  |      | nop 
|   1      | 1.0         |      |             |             |      |      |      |      | nop 
|   1      |             | 1.0  |             |             |      |      |      |      | nop 
|   1      |             |      |             |             |      | 1.0  |      |      | nop 
|   1      |             |      |             |             |      |      | 1.0  |      | nop 
|   1      | 1.0         |      |             |             |      |      |      |      | nop 
|   1      |             | 1.0  |             |             |      |      |      |      | nop 
|   1      |             |      |             |             |      | 1.0  |      |      | nop 
|   1      |             |      |             |             |      |      | 1.0  |      | nop 
|   1      | 1.0         |      |             |             |      |      |      |      | nop 
|   1      |             | 1.0  |             |             |      |      |      |      | nop 
|   1      |             |      |             |             |      | 1.0  |      |      | nop 
|   1      |             |      |             |             |      |      | 1.0  |      | nop 
|   1      | 1.0         |      |             |             |      |      |      |      | nop 
|   1      |             | 1.0  |             |             |      |      |      |      | nop 
|   1      |             |      |             |             |      | 1.0  |      |      | nop 
|   1      |             |      |             |             |      |      | 1.0  |      | nop 
|   1      | 1.0         |      |             |             |      |      |      |      | nop 
|   1      |             | 1.0  |             |             |      |      |      |      | nop 
|   1      |             |      |             |             |      | 1.0  |      |      | nop 
|   1      |             |      |             |             |      |      | 1.0  |      | nop 
|   1      | 1.0         |      |             |             |      |      |      |      | nop 
|   1      |             | 1.0  |             |             |      |      |      |      | nop 
|   1      |             |      |             |             |      | 1.0  |      |      | nop 
|   1      |             |      |             |             |      |      | 1.0  |      | nop 
|   1      | 1.0         |      |             |             |      |      |      |      | nop 
|   1      |             | 1.0  |             |             |      |      |      |      | nop 
|   1      |             |      |             |             |      | 1.0  |      |      | nop 
|   1      |             |      |             |             |      |      | 1.0  |      | nop 
|   1      | 1.0         |      |             |             |      |      |      |      | nop 
|   1      |             | 1.0  |             |             |      |      |      |      | nop 
|   1      |             |      |             |             |      | 1.0  |      |      | nop 
|   1      |             |      |             |             |      |      | 1.0  |      | nop 
|   1      | 1.0         |      |             |             |      |      |      |      | nop 
|   1      |             | 1.0  |             |             |      |      |      |      | nop 
|   1      |             |      |             |             |      | 1.0  |      |      | nop 
|   1      |             |      |             |             |      |      | 1.0  |      | nop 
|   1      | 1.0         |      |             |             |      |      |      |      | nop 
|   1      |             | 1.0  |             |             |      |      |      |      | nop 
|   1      |             |      |             |             |      | 1.0  |      |      | nop 
|   1      |             |      |             |             |      |      | 1.0  |      | nop 
|   1      | 1.0         |      |             |             |      |      |      |      | nop 
|   1      |             | 1.0  |             |             |      |      |      |      | nop 
|   1      |             |      |             |             |      | 1.0  |      |      | nop 
|   1      |             |      |             |             |      |      | 1.0  |      | nop 
|   1      | 1.0         |      |             |             |      |      |      |      | nop 
|   1      |             | 1.0  |             |             |      |      |      |      | nop 
|   1      |             |      |             |             |      | 1.0  |      |      | nop 
|   1      |             |      |             |             |      |      | 1.0  |      | nop 
|   1      | 1.0         |      |             |             |      |      |      |      | nop 
|   1      |             | 1.0  |             |             |      |      |      |      | nop 
|   1      |             |      |             |             |      | 1.0  |      |      | nop 
|   1      |             |      |             |             |      |      | 1.0  |      | nop 
|   1      | 1.0         |      |             |             |      |      |      |      | nop 
|   1      |             | 1.0  |             |             |      |      |      |      | nop 
|   1      |             |      |             |             |      | 1.0  |      |      | nop 
|   1      |             |      |             |             |      |      | 1.0  |      | nop 
|   1      | 1.0         |      |             |             |      |      |      |      | nop 
|   1      |             | 1.0  |             |             |      |      |      |      | nop 
|   1      |             |      |             |             |      | 1.0  |      |      | nop 
|   1      |             |      |             |             |      |      | 1.0  |      | nop 
|   1      | 1.0         |      |             |             |      |      |      |      | nop 
|   1      |             | 1.0  |             |             |      |      |      |      | nop 
|   1      |             |      |             |             |      | 1.0  |      |      | nop 
|   1      |             |      |             |             |      |      | 1.0  |      | nop 
|   1      | 1.0         |      |             |             |      |      |      |      | nop 
|   1      |             | 1.0  |             |             |      |      |      |      | nop 
|   1      |             |      |             |             |      | 1.0  |      |      | nop 
|   1      |             |      |             |             |      |      | 1.0  |      | nop 
|   1      | 1.0         |      |             |             |      |      |      |      | nop 
|   1      |             | 1.0  |             |             |      |      |      |      | nop 
|   1      |             |      |             |             |      | 1.0  |      |      | nop 
|   1      |             |      |             |             |      |      | 1.0  |      | nop 
|   1      | 1.0         |      |             |             |      |      |      |      | nop 
|   1      |             | 1.0  |             |             |      |      |      |      | nop 
|   1      |             |      |             |             |      | 1.0  |      |      | nop 
|   1      |             |      |             |             |      |      | 1.0  |      | nop 
|   1      | 1.0         |      |             |             |      |      |      |      | nop 
|   1      |             | 1.0  |             |             |      |      |      |      | nop 
|   1      |             |      |             |             |      | 1.0  |      |      | nop 
|   1      |             |      |             |             |      |      | 1.0  |      | nop 
|   1      | 1.0         |      |             |             |      |      |      |      | nop 
|   1      |             | 1.0  |             |             |      |      |      |      | nop 
|   1      |             |      |             |             |      | 1.0  |      |      | nop 
|   1      |             |      |             |             |      |      | 1.0  |      | nop 
|   1      | 1.0         |      |             |             |      |      |      |      | nop 
|   1      |             | 1.0  |             |             |      |      |      |      | nop 
|   1      |             |      |             |             |      | 1.0  |      |      | nop 
|   1      |             |      |             |             |      |      | 1.0  |      | nop 
|   1      | 1.0         |      |             |             |      |      |      |      | nop 
|   1      |             | 1.0  |             |             |      |      |      |      | nop 
|   1      |             |      |             |             |      | 1.0  |      |      | nop 
|   1      |             |      |             |             |      |      | 1.0  |      | nop 
|   1      | 1.0         |      |             |             |      |      |      |      | nop 
|   1      |             | 1.0  |             |             |      |      |      |      | nop 
|   1      |             |      |             |             |      | 1.0  |      |      | nop 
|   1      |             |      |             |             |      |      | 1.0  |      | nop 
|   1      | 1.0         |      |             |             |      |      |      |      | nop 
|   1      |             | 1.0  |             |             |      |      |      |      | nop 
|   1      |             |      |             |             |      | 1.0  |      |      | nop 
|   1      |             |      |             |             |      |      | 1.0  |      | nop 
|   1      | 1.0         |      |             |             |      |      |      |      | nop 
|   1      |             | 1.0  |             |             |      |      |      |      | nop 
|   1      |             |      |             |             |      | 1.0  |      |      | nop 
|   1      |             |      |             |             |      |      | 1.0  |      | nop 
|   1      | 1.0         |      |             |             |      |      |      |      | nop 
|   1      |             | 1.0  |             |             |      |      |      |      | nop 
|   1      |             |      |             |             |      | 1.0  |      |      | nop 
|   1      |             |      |             |             |      |      | 1.0  |      | nop 
|   1      | 1.0         |      |             |             |      |      |      |      | nop 
|   1      |             | 1.0  |             |             |      |      |      |      | nop 
|   1      |             |      |             |             |      | 1.0  |      |      | nop 
|   1      |             |      |             |             |      |      | 1.0  |      | nop 
|   1      | 1.0         |      |             |             |      |      |      |      | nop 
|   1      |             | 1.0  |             |             |      |      |      |      | nop 
|   1      |             |      |             |             |      | 1.0  |      |      | nop 
|   1      |             |      |             |             |      |      | 1.0  |      | nop 
|   1      | 1.0         |      |             |             |      |      |      |      | nop 
|   1      |             | 1.0  |             |             |      |      |      |      | nop 
|   1      |             |      |             |             |      | 1.0  |      |      | nop 
|   1      |             |      |             |             |      |      | 1.0  |      | nop 
|   1      | 1.0         |      |             |             |      |      |      |      | nop 
|   1      |             | 1.0  |             |             |      |      |      |      | nop 
|   1      |             |      |             |             |      | 1.0  |      |      | nop 
|   1      |             |      |             |             |      |      | 1.0  |      | nop 
|   1      | 1.0         |      |             |             |      |      |      |      | nop 
|   1      |             | 1.0  |             |             |      |      |      |      | nop 
|   1      |             |      |             |             |      | 1.0  |      |      | nop 
|   1      |             |      |             |             |      |      | 1.0  |      | nop 
|   1      | 1.0         |      |             |             |      |      |      |      | nop 
|   1      |             | 1.0  |             |             |      |      |      |      | nop 
|   1      |             |      |             |             |      | 1.0  |      |      | nop 
|   1      |             |      |             |             |      |      | 1.0  |      | nop 
|   1      | 1.0         |      |             |             |      |      |      |      | nop 
|   1      |             | 1.0  |             |             |      |      |      |      | nop 
|   1      |             |      |             |             |      | 1.0  |      |      | nop 
|   1      |             |      |             |             |      |      | 1.0  |      | nop 
|   1      | 1.0         |      |             |             |      |      |      |      | nop 
|   1      |             | 1.0  |             |             |      |      |      |      | nop 
|   1      |             |      |             |             |      | 1.0  |      |      | nop 
|   1      |             |      |             |             |      |      | 1.0  |      | nop 
|   1      | 1.0         |      |             |             |      |      |      |      | nop 
|   1      |             | 1.0  |             |             |      |      |      |      | nop 
|   1      |             |      |             |             |      | 1.0  |      |      | nop 
|   1      |             |      |             |             |      |      | 1.0  |      | nop 
|   1      | 1.0         |      |             |             |      |      |      |      | nop 
|   1      |             | 1.0  |             |             |      |      |      |      | nop 
|   1      |             |      |             |             |      | 1.0  |      |      | nop 
|   1      |             |      |             |             |      |      | 1.0  |      | nop 
|   1      | 1.0         |      |             |             |      |      |      |      | nop 
|   1      |             | 1.0  |             |             |      |      |      |      | nop 
|   1      |             |      |             |             |      | 1.0  |      |      | nop 
|   1      |             |      |             |             |      |      | 1.0  |      | nop 
|   1      | 1.0         |      |             |             |      |      |      |      | nop 
|   1      |             | 1.0  |             |             |      |      |      |      | nop 
|   1      |             |      |             |             |      | 1.0  |      |      | nop 
|   1      |             |      |             |             |      |      | 1.0  |      | nop 
|   1      | 1.0         |      |             |             |      |      |      |      | nop 
|   1      |             | 1.0  |             |             |      |      |      |      | nop 
|   1      |             |      |             |             |      | 1.0  |      |      | nop 
|   1      |             |      |             |             |      |      | 1.0  |      | nop 
|   1      | 1.0         |      |             |             |      |      |      |      | nop 
|   1      |             | 1.0  |             |             |      |      |      |      | nop 
|   1      |             |      |             |             |      | 1.0  |      |      | nop 
|   1      |             |      |             |             |      |      | 1.0  |      | nop 
|   1      | 1.0         |      |             |             |      |      |      |      | nop 
|   1      |             | 1.0  |             |             |      |      |      |      | nop 
|   1      |             |      |             |             |      | 1.0  |      |      | nop 
|   1      |             |      |             |             |      |      | 1.0  |      | nop 
|   1      | 1.0         |      |             |             |      |      |      |      | nop 
|   1      |             | 1.0  |             |             |      |      |      |      | nop 
|   1      |             |      |             |             |      | 1.0  |      |      | nop 
|   1      |             |      |             |             |      |      | 1.0  |      | nop 
|   1      | 1.0         |      |             |             |      |      |      |      | nop 
|   1      |             | 1.0  |             |             |      |      |      |      | nop 
|   1      |             |      |             |             |      | 1.0  |      |      | nop 
|   1      |             |      |             |             |      |      | 1.0  |      | nop 
|   1      | 1.0         |      |             |             |      |      |      |      | nop 
|   1      |             | 1.0  |             |             |      |      |      |      | nop 
|   1      |             |      |             |             |      | 1.0  |      |      | nop 
|   1      |             |      |             |             |      |      | 1.0  |      | nop 
|   1      | 1.0         |      |             |             |      |      |      |      | nop 
|   1      |             | 1.0  |             |             |      |      |      |      | nop 
|   1      |             |      |             |             |      | 1.0  |      |      | nop 
|   1      |             |      |             |             |      |      | 1.0  |      | nop 
|   1      | 1.0         |      |             |             |      |      |      |      | nop 
|   1      |             | 1.0  |             |             |      |      |      |      | nop 
|   1      |             |      |             |             |      | 1.0  |      |      | nop 
|   1      |             |      |             |             |      |      | 1.0  |      | nop 
|   1      | 1.0         |      |             |             |      |      |      |      | nop 
|   1      |             | 1.0  |             |             |      |      |      |      | nop 
|   1      |             |      |             |             |      | 1.0  |      |      | nop 
|   1      |             |      |             |             |      |      | 1.0  |      | nop 
|   1      | 1.0         |      |             |             |      |      |      |      | nop 
|   1      |             | 1.0  |             |             |      |      |      |      | nop 
|   1      |             |      |             |             |      | 1.0  |      |      | nop 
|   1      |             |      |             |             |      |      | 1.0  |      | nop 
|   1      | 1.0         |      |             |             |      |      |      |      | nop 
|   1      |             | 1.0  |             |             |      |      |      |      | nop 
|   1      |             |      |             |             |      | 1.0  |      |      | nop 
|   1      |             |      |             |             |      |      | 1.0  |      | nop 
|   1      | 1.0         |      |             |             |      |      |      |      | nop 
|   1      |             | 1.0  |             |             |      |      |      |      | nop 
|   1      |             |      |             |             |      | 1.0  |      |      | nop 
|   1      |             |      |             |             |      |      | 1.0  |      | nop 
|   1      | 1.0         |      |             |             |      |      |      |      | nop 
|   1      |             | 1.0  |             |             |      |      |      |      | nop 
|   1      |             |      |             |             |      | 1.0  |      |      | nop 
|   1      |             |      |             |             |      |      | 1.0  |      | nop 
|   1      | 1.0         |      |             |             |      |      |      |      | nop 
|   1      |             | 1.0  |             |             |      |      |      |      | nop 
|   1      |             |      |             |             |      | 1.0  |      |      | nop 
|   1      |             |      |             |             |      |      | 1.0  |      | nop 
|   1      | 1.0         |      |             |             |      |      |      |      | nop 
|   1      |             | 1.0  |             |             |      |      |      |      | nop 
|   1      |             |      |             |             |      | 1.0  |      |      | nop 
|   1      |             |      |             |             |      |      | 1.0  |      | nop 
|   1      | 1.0         |      |             |             |      |      |      |      | nop 
|   1      |             | 1.0  |             |             |      |      |      |      | nop 
|   1      |             |      |             |             |      | 1.0  |      |      | nop 
|   1      |             |      |             |             |      |      | 1.0  |      | nop 
|   1      | 1.0         |      |             |             |      |      |      |      | nop 
|   1      |             | 1.0  |             |             |      |      |      |      | nop 
|   1      |             |      |             |             |      | 1.0  |      |      | nop 
|   1      |             |      |             |             |      |      | 1.0  |      | nop 
|   1      | 1.0         |      |             |             |      |      |      |      | nop 
|   1      |             | 1.0  |             |             |      |      |      |      | nop 
|   1      |             |      |             |             |      | 1.0  |      |      | nop 
|   1      |             |      |             |             |      |      | 1.0  |      | nop 
|   1      | 1.0         |      |             |             |      |      |      |      | nop 
|   1      |             | 1.0  |             |             |      |      |      |      | nop 
|   1      |             |      |             |             |      | 1.0  |      |      | nop 
|   1      |             |      |             |             |      |      | 1.0  |      | nop 
|   1      | 1.0         |      |             |             |      |      |      |      | nop 
|   1      |             | 1.0  |             |             |      |      |      |      | nop 
|   1      |             |      |             |             |      | 1.0  |      |      | nop 
|   1      |             |      |             |             |      |      | 1.0  |      | nop 
|   1      | 1.0         |      |             |             |      |      |      |      | nop 
|   1      |             | 1.0  |             |             |      |      |      |      | nop 
|   1      |             |      |             |             |      | 1.0  |      |      | nop 
|   1      |             |      |             |             |      |      | 1.0  |      | nop 
|   1      | 1.0         |      |             |             |      |      |      |      | nop 
|   1      |             | 1.0  |             |             |      |      |      |      | nop 
|   1      |             |      |             |             |      | 1.0  |      |      | nop 
|   1      |             |      |             |             |      |      | 1.0  |      | nop 
|   1      | 1.0         |      |             |             |      |      |      |      | nop 
|   1      |             | 1.0  |             |             |      |      |      |      | nop 
|   1      |             |      |             |             |      | 1.0  |      |      | nop 
|   1      |             |      |             |             |      |      | 1.0  |      | nop 
|   1      | 1.0         |      |             |             |      |      |      |      | nop 
|   1      |             | 1.0  |             |             |      |      |      |      | nop 
|   1      |             |      |             |             |      | 1.0  |      |      | nop 
|   1      |             |      |             |             |      |      | 1.0  |      | nop 
|   1      | 1.0         |      |             |             |      |      |      |      | nop 
|   1      |             | 1.0  |             |             |      |      |      |      | nop 
|   1      |             |      |             |             |      | 1.0  |      |      | nop 
|   1      |             |      |             |             |      |      | 1.0  |      | nop 
|   1      | 1.0         |      |             |             |      |      |      |      | nop 
|   1      |             | 1.0  |             |             |      |      |      |      | nop 
|   1      |             |      |             |             |      | 1.0  |      |      | nop 
|   1      |             |      |             |             |      |      | 1.0  |      | nop 
|   1      | 1.0         |      |             |             |      |      |      |      | nop 
|   1      |             | 1.0  |             |             |      |      |      |      | nop 
|   1      |             |      |             |             |      | 1.0  |      |      | nop 
|   1      |             |      |             |             |      |      | 1.0  |      | nop 
|   1      | 1.0         |      |             |             |      |      |      |      | nop 
|   1      |             | 1.0  |             |             |      |      |      |      | nop 
|   1      |             |      |             |             |      | 1.0  |      |      | nop 
|   1      |             |      |             |             |      |      | 1.0  |      | nop 
|   1      | 1.0         |      |             |             |      |      |      |      | nop 
|   1      |             | 1.0  |             |             |      |      |      |      | nop 
|   1      |             |      |             |             |      | 1.0  |      |      | nop 
|   1      |             |      |             |             |      |      | 1.0  |      | nop 
|   1      | 1.0         |      |             |             |      |      |      |      | nop 
|   1      |             | 1.0  |             |             |      |      |      |      | nop 
|   1      |             |      |             |             |      | 1.0  |      |      | nop 
|   1      |             |      |             |             |      |      | 1.0  |      | nop 
|   1      | 1.0         |      |             |             |      |      |      |      | nop 
|   1      |             | 1.0  |             |             |      |      |      |      | nop 
|   1      |             |      |             |             |      | 1.0  |      |      | nop 
|   1      |             |      |             |             |      |      | 1.0  |      | nop 
|   1      | 1.0         |      |             |             |      |      |      |      | nop 
|   1      |             | 1.0  |             |             |      |      |      |      | nop 
|   1      |             |      |             |             |      | 1.0  |      |      | nop 
|   1      |             |      |             |             |      |      | 1.0  |      | nop 
|   1      | 1.0         |      |             |             |      |      |      |      | nop 
|   1*     |             |      |             |             |      |      |      |      | dec eax
|   0*F    |             |      |             |             |      |      |      |      | jnz 0xfffffffffffffc8a
Total Num Of Uops: 587
